<?xml version="1.0" encoding="UTF-8"?>
<testsuite name="com.example.blog_board.BlogBoardApplicationTests" tests="1" skipped="0" failures="0" errors="0" timestamp="2022-06-23T01:17:54" hostname="SM11295-P1" time="0.5">
  <properties/>
  <testcase name="contextLoads()" classname="com.example.blog_board.BlogBoardApplicationTests" time="0.5"/>
  <system-out><![CDATA[10:17:52.009 [Test worker] DEBUG org.springframework.test.context.BootstrapUtils - Instantiating CacheAwareContextLoaderDelegate from class [org.springframework.test.context.cache.DefaultCacheAwareContextLoaderDelegate]
10:17:52.018 [Test worker] DEBUG org.springframework.test.context.BootstrapUtils - Instantiating BootstrapContext using constructor [public org.springframework.test.context.support.DefaultBootstrapContext(java.lang.Class,org.springframework.test.context.CacheAwareContextLoaderDelegate)]
10:17:52.046 [Test worker] DEBUG org.springframework.test.context.BootstrapUtils - Instantiating TestContextBootstrapper for test class [com.example.blog_board.BlogBoardApplicationTests] from class [org.springframework.boot.test.context.SpringBootTestContextBootstrapper]
10:17:52.054 [Test worker] INFO org.springframework.boot.test.context.SpringBootTestContextBootstrapper - Neither @ContextConfiguration nor @ContextHierarchy found for test class [com.example.blog_board.BlogBoardApplicationTests], using SpringBootContextLoader
10:17:52.058 [Test worker] DEBUG org.springframework.test.context.support.AbstractContextLoader - Did not detect default resource location for test class [com.example.blog_board.BlogBoardApplicationTests]: class path resource [com/example/blog_board/BlogBoardApplicationTests-context.xml] does not exist
10:17:52.058 [Test worker] DEBUG org.springframework.test.context.support.AbstractContextLoader - Did not detect default resource location for test class [com.example.blog_board.BlogBoardApplicationTests]: class path resource [com/example/blog_board/BlogBoardApplicationTestsContext.groovy] does not exist
10:17:52.059 [Test worker] INFO org.springframework.test.context.support.AbstractContextLoader - Could not detect default resource locations for test class [com.example.blog_board.BlogBoardApplicationTests]: no resource found for suffixes {-context.xml, Context.groovy}.
10:17:52.059 [Test worker] INFO org.springframework.test.context.support.AnnotationConfigContextLoaderUtils - Could not detect default configuration classes for test class [com.example.blog_board.BlogBoardApplicationTests]: BlogBoardApplicationTests does not declare any static, non-private, non-final, nested classes annotated with @Configuration.
10:17:52.090 [Test worker] DEBUG org.springframework.test.context.support.ActiveProfilesUtils - Could not find an 'annotation declaring class' for annotation type [org.springframework.test.context.ActiveProfiles] and class [com.example.blog_board.BlogBoardApplicationTests]
10:17:52.141 [Test worker] DEBUG org.springframework.context.annotation.ClassPathScanningCandidateComponentProvider - Identified candidate component class: file [C:\Users\yongsun.jang\IdeaProjects\demo4\build\classes\java\main\com\example\blog_board\BlogBoardApplication.class]
10:17:52.142 [Test worker] INFO org.springframework.boot.test.context.SpringBootTestContextBootstrapper - Found @SpringBootConfiguration com.example.blog_board.BlogBoardApplication for test class com.example.blog_board.BlogBoardApplicationTests
10:17:52.226 [Test worker] DEBUG org.springframework.boot.test.context.SpringBootTestContextBootstrapper - @TestExecutionListeners is not present for class [com.example.blog_board.BlogBoardApplicationTests]: using defaults.
10:17:52.226 [Test worker] INFO org.springframework.boot.test.context.SpringBootTestContextBootstrapper - Loaded default TestExecutionListener class names from location [META-INF/spring.factories]: [org.springframework.boot.test.autoconfigure.restdocs.RestDocsTestExecutionListener, org.springframework.boot.test.autoconfigure.web.client.MockRestServiceServerResetTestExecutionListener, org.springframework.boot.test.autoconfigure.web.servlet.MockMvcPrintOnlyOnFailureTestExecutionListener, org.springframework.boot.test.autoconfigure.web.servlet.WebDriverTestExecutionListener, org.springframework.boot.test.autoconfigure.webservices.client.MockWebServiceServerTestExecutionListener, org.springframework.boot.test.mock.mockito.MockitoTestExecutionListener, org.springframework.boot.test.mock.mockito.ResetMocksTestExecutionListener, org.springframework.test.context.web.ServletTestExecutionListener, org.springframework.test.context.support.DirtiesContextBeforeModesTestExecutionListener, org.springframework.test.context.event.ApplicationEventsTestExecutionListener, org.springframework.test.context.support.DependencyInjectionTestExecutionListener, org.springframework.test.context.support.DirtiesContextTestExecutionListener, org.springframework.test.context.transaction.TransactionalTestExecutionListener, org.springframework.test.context.jdbc.SqlScriptsTestExecutionListener, org.springframework.test.context.event.EventPublishingTestExecutionListener]
10:17:52.240 [Test worker] INFO org.springframework.boot.test.context.SpringBootTestContextBootstrapper - Using TestExecutionListeners: [org.springframework.test.context.web.ServletTestExecutionListener@6e4de19b, org.springframework.test.context.support.DirtiesContextBeforeModesTestExecutionListener@f6c03cb, org.springframework.test.context.event.ApplicationEventsTestExecutionListener@46f699d5, org.springframework.boot.test.mock.mockito.MockitoTestExecutionListener@18518ccf, org.springframework.boot.test.autoconfigure.SpringBootDependencyInjectionTestExecutionListener@1991f767, org.springframework.test.context.support.DirtiesContextTestExecutionListener@768ccdc5, org.springframework.test.context.transaction.TransactionalTestExecutionListener@4c6daf0, org.springframework.test.context.jdbc.SqlScriptsTestExecutionListener@10650953, org.springframework.test.context.event.EventPublishingTestExecutionListener@659eef7, org.springframework.boot.test.autoconfigure.restdocs.RestDocsTestExecutionListener@162be91c, org.springframework.boot.test.autoconfigure.web.client.MockRestServiceServerResetTestExecutionListener@2488b073, org.springframework.boot.test.autoconfigure.web.servlet.MockMvcPrintOnlyOnFailureTestExecutionListener@1c9f0a20, org.springframework.boot.test.autoconfigure.web.servlet.WebDriverTestExecutionListener@55787112, org.springframework.boot.test.autoconfigure.webservices.client.MockWebServiceServerTestExecutionListener@1cd201a8, org.springframework.boot.test.mock.mockito.ResetMocksTestExecutionListener@7db82169]
10:17:52.243 [Test worker] DEBUG org.springframework.test.context.support.AbstractDirtiesContextTestExecutionListener - Before test class: context [DefaultTestContext@346a361 testClass = BlogBoardApplicationTests, testInstance = [null], testMethod = [null], testException = [null], mergedContextConfiguration = [WebMergedContextConfiguration@107ed6fc testClass = BlogBoardApplicationTests, locations = '{}', classes = '{class com.example.blog_board.BlogBoardApplication}', contextInitializerClasses = '[]', activeProfiles = '{}', propertySourceLocations = '{}', propertySourceProperties = '{org.springframework.boot.test.context.SpringBootTestContextBootstrapper=true}', contextCustomizers = set[org.springframework.boot.test.autoconfigure.actuate.metrics.MetricsExportContextCustomizerFactory$DisableMetricExportContextCustomizer@539d019, org.springframework.boot.test.autoconfigure.properties.PropertyMappingContextCustomizer@0, org.springframework.boot.test.autoconfigure.web.servlet.WebDriverContextCustomizerFactory$Customizer@72437d8d, org.springframework.boot.test.context.filter.ExcludeFilterContextCustomizer@29a0cdb, org.springframework.boot.test.json.DuplicateJsonObjectContextCustomizerFactory$DuplicateJsonObjectContextCustomizer@3a4621bd, org.springframework.boot.test.mock.mockito.MockitoContextCustomizer@0, org.springframework.boot.test.web.client.TestRestTemplateContextCustomizer@48e92c5c, org.springframework.boot.test.context.SpringBootTestArgs@1, org.springframework.boot.test.context.SpringBootTestWebEnvironment@66498326], resourceBasePath = 'src/main/webapp', contextLoader = 'org.springframework.boot.test.context.SpringBootContextLoader', parent = [null]], attributes = map['org.springframework.test.context.web.ServletTestExecutionListener.activateListener' -> true]], class annotated with @DirtiesContext [false] with mode [null].

  .   ____          _            __ _ _
 /\\ / ___'_ __ _ _(_)_ __  __ _ \ \ \ \
( ( )\___ | '_ | '_| | '_ \/ _` | \ \ \ \
 \\/  ___)| |_)| | | | | || (_| |  ) ) ) )
  '  |____| .__|_| |_|_| |_\__, | / / / /
 =========|_|==============|___/=/_/_/_/
 :: Spring Boot ::                (v2.7.0)

2022-06-23 10:17:52.496  INFO 20276 --- [    Test worker] c.e.b.BlogBoardApplicationTests          : Starting BlogBoardApplicationTests using Java 17.0.3.1 on SM11295-P1 with PID 20276 (started by yongsun.jang in C:\Users\yongsun.jang\IdeaProjects\demo4)
2022-06-23 10:17:52.497  INFO 20276 --- [    Test worker] c.e.b.BlogBoardApplicationTests          : No active profile set, falling back to 1 default profile: "default"
2022-06-23 10:17:54.179  INFO 20276 --- [    Test worker] com.zaxxer.hikari.HikariDataSource       : HikariPool-1 - Starting...
2022-06-23 10:17:54.473  INFO 20276 --- [    Test worker] com.zaxxer.hikari.HikariDataSource       : HikariPool-1 - Start completed.
2022-06-23 10:17:54.582  INFO 20276 --- [    Test worker] c.e.b.BlogBoardApplicationTests          : Started BlogBoardApplicationTests in 2.307 seconds (JVM running for 3.245)
]]></system-out>
  <system-err><![CDATA[]]></system-err>
</testsuite>
